Determining if the pthread_create exist failed with the following output:
Change Dir: /home/sovereign/Desktop/mergeSDC/SDC-Merged/build/CMakeFiles/CMakeTmp

Run Build Command:/usr/bin/make "cmTryCompileExec3501263117/fast"
/usr/bin/make -f CMakeFiles/cmTryCompileExec3501263117.dir/build.make CMakeFiles/cmTryCompileExec3501263117.dir/build
make[1]: Entering directory `/home/sovereign/Desktop/mergeSDC/SDC-Merged/build/CMakeFiles/CMakeTmp'
/usr/bin/cmake -E cmake_progress_report /home/sovereign/Desktop/mergeSDC/SDC-Merged/build/CMakeFiles/CMakeTmp/CMakeFiles 1
Building C object CMakeFiles/cmTryCompileExec3501263117.dir/CheckSymbolExists.c.o
/usr/bin/cc    -o CMakeFiles/cmTryCompileExec3501263117.dir/CheckSymbolExists.c.o   -c /home/sovereign/Desktop/mergeSDC/SDC-Merged/build/CMakeFiles/CMakeTmp/CheckSymbolExists.c
Linking C executable cmTryCompileExec3501263117
/usr/bin/cmake -E cmake_link_script CMakeFiles/cmTryCompileExec3501263117.dir/link.txt --verbose=1
/usr/bin/cc       CMakeFiles/cmTryCompileExec3501263117.dir/CheckSymbolExists.c.o  -o cmTryCompileExec3501263117 -rdynamic 
CMakeFiles/cmTryCompileExec3501263117.dir/CheckSymbolExists.c.o: In function `main':
CheckSymbolExists.c:(.text+0x16): undefined reference to `pthread_create'
collect2: error: ld returned 1 exit status
make[1]: *** [cmTryCompileExec3501263117] Error 1
make[1]: Leaving directory `/home/sovereign/Desktop/mergeSDC/SDC-Merged/build/CMakeFiles/CMakeTmp'
make: *** [cmTryCompileExec3501263117/fast] Error 2

File /home/sovereign/Desktop/mergeSDC/SDC-Merged/build/CMakeFiles/CMakeTmp/CheckSymbolExists.c:
/* */
#include <pthread.h>

int main(int argc, char** argv)
{
  (void)argv;
#ifndef pthread_create
  return ((int*)(&pthread_create))[argc];
#else
  (void)argc;
  return 0;
#endif
}

Determining if the function pthread_create exists in the pthreads failed with the following output:
Change Dir: /home/sovereign/Desktop/mergeSDC/SDC-Merged/build/CMakeFiles/CMakeTmp

Run Build Command:/usr/bin/make "cmTryCompileExec2260373545/fast"
/usr/bin/make -f CMakeFiles/cmTryCompileExec2260373545.dir/build.make CMakeFiles/cmTryCompileExec2260373545.dir/build
make[1]: Entering directory `/home/sovereign/Desktop/mergeSDC/SDC-Merged/build/CMakeFiles/CMakeTmp'
/usr/bin/cmake -E cmake_progress_report /home/sovereign/Desktop/mergeSDC/SDC-Merged/build/CMakeFiles/CMakeTmp/CMakeFiles 1
Building C object CMakeFiles/cmTryCompileExec2260373545.dir/CheckFunctionExists.c.o
/usr/bin/cc   -DCHECK_FUNCTION_EXISTS=pthread_create   -o CMakeFiles/cmTryCompileExec2260373545.dir/CheckFunctionExists.c.o   -c /usr/share/cmake-2.8/Modules/CheckFunctionExists.c
Linking C executable cmTryCompileExec2260373545
/usr/bin/cmake -E cmake_link_script CMakeFiles/cmTryCompileExec2260373545.dir/link.txt --verbose=1
/usr/bin/cc   -DCHECK_FUNCTION_EXISTS=pthread_create    CMakeFiles/cmTryCompileExec2260373545.dir/CheckFunctionExists.c.o  -o cmTryCompileExec2260373545 -rdynamic -lpthreads 
/usr/bin/ld: cannot find -lpthreads
collect2: error: ld returned 1 exit status
make[1]: *** [cmTryCompileExec2260373545] Error 1
make[1]: Leaving directory `/home/sovereign/Desktop/mergeSDC/SDC-Merged/build/CMakeFiles/CMakeTmp'
make: *** [cmTryCompileExec2260373545/fast] Error 2


